#
# There is insufficient memory for the Java Runtime Environment to continue.
# Native memory allocation (malloc) failed to allocate 1048576 bytes for AllocateHeap
# Possible reasons:
#   The system is out of physical RAM or swap space
#   The process is running with CompressedOops enabled, and the Java Heap may be blocking the growth of the native heap
# Possible solutions:
#   Reduce memory load on the system
#   Increase physical memory or swap space
#   Check if swap backing store is full
#   Decrease Java heap size (-Xmx/-Xms)
#   Decrease number of Java threads
#   Decrease Java thread stack sizes (-Xss)
#   Set larger code cache with -XX:ReservedCodeCacheSize=
#   JVM is running with Unscaled Compressed Oops mode in which the Java heap is
#     placed in the first 4GB address space. The Java Heap base address is the
#     maximum limit for the native heap growth. Please use -XX:HeapBaseMinAddress
#     to set the Java Heap base and to place the Java Heap above 4GB virtual address.
# This output file may be truncated or incomplete.
#
#  Out of Memory Error (memory/allocation.inline.hpp:61), pid=7332, tid=0x0000000000003328
#
# JRE version:  (8.0_211-b12) (build )
# Java VM: Java HotSpot(TM) 64-Bit Server VM (25.211-b12 mixed mode windows-amd64 compressed oops)
# Failed to write core dump. Minidumps are not enabled by default on client versions of Windows
#

---------------  T H R E A D  ---------------

Current thread (0x0000000000ded800):  JavaThread "Unknown thread" [_thread_in_vm, id=13096, stack(0x0000000003020000,0x0000000003120000)]

Stack: [0x0000000003020000,0x0000000003120000]
[error occurred during error reporting (printing stack bounds), id 0xc0000005]

Native frames: (J=compiled Java code, j=interpreted, Vv=VM code, C=native code)


---------------  P R O C E S S  ---------------

Java Threads: ( => current thread )

Other Threads:

=>0x0000000000ded800 (exited) JavaThread "Unknown thread" [_thread_in_vm, id=13096, stack(0x0000000003020000,0x0000000003120000)]

VM state:not at safepoint (normal execution)

VM Mutex/Monitor currently owned by a thread: None

heap address: 0x0000000082600000, size: 2010 MB, Compressed Oops mode: 32-bit
Narrow klass base: 0x0000000000000000, Narrow klass shift: 3
Compressed class space size: 1073741824 Address: 0x0000000100000000

Heap:
 PSYoungGen      total 37888K, used 655K [0x00000000d6200000, 0x00000000d8c00000, 0x0000000100000000)
  eden space 32768K, 2% used [0x00000000d6200000,0x00000000d62a3d80,0x00000000d8200000)
  from space 5120K, 0% used [0x00000000d8700000,0x00000000d8700000,0x00000000d8c00000)
  to   space 5120K, 0% used [0x00000000d8200000,0x00000000d8200000,0x00000000d8700000)
 ParOldGen       total 86016K, used 0K [0x0000000082600000, 0x0000000087a00000, 0x00000000d6200000)
  object space 86016K, 0% used [0x0000000082600000,0x0000000082600000,0x0000000087a00000)
 Metaspace       used 775K, capacity 4480K, committed 4480K, reserved 1056768K
  class space    used 76K, capacity 384K, committed 384K, reserved 1048576K

Card table byte_map: [0x0000000012720000,0x0000000012b10000] byte_map_base: 0x000000001230d000

Marking Bits: (ParMarkBitMap*) 0x00000000599f5ce0
 Begin Bits: [0x00000000135b0000, 0x0000000015518000)
 End Bits:   [0x0000000015518000, 0x0000000017480000)

Polling page: 0x0000000000dd0000

CodeCache: size=245760Kb used=328Kb max_used=328Kb free=245431Kb
 bounds [0x0000000003360000, 0x00000000035d0000, 0x0000000012360000]
 total_blobs=58 nmethods=0 adapters=38
 compilation: enabled

Compilation events (0 events):
No events

GC Heap History (0 events):
No events

Deoptimization events (0 events):
No events

Classes redefined (0 events):
No events

Internal exceptions (0 events):
No events

Events (10 events):
Event: 0.044 loading class java/lang/Short
Event: 0.044 loading class java/lang/Short done
Event: 0.044 loading class java/lang/Integer
Event: 0.045 loading class java/lang/Integer done
Event: 0.045 loading class java/lang/Long
Event: 0.045 loading class java/lang/Long done
Event: 0.045 loading class java/lang/NullPointerException
Event: 0.045 loading class java/lang/NullPointerException done
Event: 0.045 loading class java/lang/ArithmeticException
Event: 0.045 loading class java/lang/ArithmeticException done


Dynamic libraries:
0x00007ff76d470000 - 0x00007ff76d4a7000 	D:\Program Files\Java\jdk1.8.0_211\bin\java.exe
0x00007ffa82370000 - 0x00007ffa8255d000 	C:\Windows\SYSTEM32\ntdll.dll
0x00007ffa80840000 - 0x00007ffa808f3000 	C:\Windows\System32\KERNEL32.DLL
0x00007ffa7f270000 - 0x00007ffa7f505000 	C:\Windows\System32\KERNELBASE.dll
0x00007ffa7f7a0000 - 0x00007ffa7f843000 	C:\Windows\System32\ADVAPI32.dll
0x00007ffa7fec0000 - 0x00007ffa7ff5e000 	C:\Windows\System32\msvcrt.dll
0x00007ffa809f0000 - 0x00007ffa80a8e000 	C:\Windows\System32\sechost.dll
0x00007ffa7f590000 - 0x00007ffa7f6b2000 	C:\Windows\System32\RPCRT4.dll
0x00007ffa80540000 - 0x00007ffa806d7000 	C:\Windows\System32\USER32.dll
0x00007ffa7f0b0000 - 0x00007ffa7f0d0000 	C:\Windows\System32\win32u.dll
0x00007ffa809c0000 - 0x00007ffa809e9000 	C:\Windows\System32\GDI32.dll
0x00007ffa7f0d0000 - 0x00007ffa7f269000 	C:\Windows\System32\gdi32full.dll
0x00007ffa7e740000 - 0x00007ffa7e7e0000 	C:\Windows\System32\msvcp_win.dll
0x00007ffa7e7e0000 - 0x00007ffa7e8da000 	C:\Windows\System32\ucrtbase.dll
0x00007ffa69fc0000 - 0x00007ffa6a239000 	C:\Windows\WinSxS\amd64_microsoft.windows.common-controls_6595b64144ccf1df_6.0.17763.1158_none_de722d88534a897f\COMCTL32.dll
0x00007ffa7fa80000 - 0x00007ffa7fdac000 	C:\Windows\System32\combase.dll
0x00007ffa7f030000 - 0x00007ffa7f0ae000 	C:\Windows\System32\bcryptPrimitives.dll
0x00007ffa803e0000 - 0x00007ffa8040e000 	C:\Windows\System32\IMM32.DLL
0x0000000059fc0000 - 0x000000005a092000 	D:\Program Files\Java\jdk1.8.0_211\jre\bin\msvcr100.dll
0x00000000591d0000 - 0x0000000059a75000 	D:\Program Files\Java\jdk1.8.0_211\jre\bin\server\jvm.dll
0x00007ffa7feb0000 - 0x00007ffa7feb8000 	C:\Windows\System32\PSAPI.DLL
0x00007ffa6cee0000 - 0x00007ffa6cf04000 	C:\Windows\SYSTEM32\WINMM.dll
0x00007ffa74760000 - 0x00007ffa7476a000 	C:\Windows\SYSTEM32\VERSION.dll
0x00007ffa6f810000 - 0x00007ffa6f819000 	C:\Windows\SYSTEM32\WSOCK32.dll
0x00007ffa804d0000 - 0x00007ffa8053d000 	C:\Windows\System32\WS2_32.dll
0x00007ffa6ceb0000 - 0x00007ffa6cedd000 	C:\Windows\SYSTEM32\WINMMBASE.dll
0x00007ffa7f510000 - 0x00007ffa7f55a000 	C:\Windows\System32\cfgmgr32.dll
0x00007ffa76d70000 - 0x00007ffa76d7f000 	D:\Program Files\Java\jdk1.8.0_211\jre\bin\verify.dll
0x00007ffa6f880000 - 0x00007ffa6f8a9000 	D:\Program Files\Java\jdk1.8.0_211\jre\bin\java.dll
0x00007ffa62950000 - 0x00007ffa62973000 	D:\Program Files\Java\jdk1.8.0_211\jre\bin\instrument.dll
0x00007ffa76040000 - 0x00007ffa76056000 	D:\Program Files\Java\jdk1.8.0_211\jre\bin\zip.dll

VM Arguments:
jvm_args: -javaagent:D:\Program Files\IntelliJ IDEA 2019.1\lib\idea_rt.jar=54000:D:\Program Files\IntelliJ IDEA 2019.1\bin -Dfile.encoding=UTF-8 
java_command: com.eagle.feuilleton.Deploy
java_class_path (initial): D:\Program Files\Java\jdk1.8.0_211\jre\lib\charsets.jar;D:\Program Files\Java\jdk1.8.0_211\jre\lib\deploy.jar;D:\Program Files\Java\jdk1.8.0_211\jre\lib\ext\access-bridge-64.jar;D:\Program Files\Java\jdk1.8.0_211\jre\lib\ext\cldrdata.jar;D:\Program Files\Java\jdk1.8.0_211\jre\lib\ext\dnsns.jar;D:\Program Files\Java\jdk1.8.0_211\jre\lib\ext\jaccess.jar;D:\Program Files\Java\jdk1.8.0_211\jre\lib\ext\jfxrt.jar;D:\Program Files\Java\jdk1.8.0_211\jre\lib\ext\localedata.jar;D:\Program Files\Java\jdk1.8.0_211\jre\lib\ext\nashorn.jar;D:\Program Files\Java\jdk1.8.0_211\jre\lib\ext\sunec.jar;D:\Program Files\Java\jdk1.8.0_211\jre\lib\ext\sunjce_provider.jar;D:\Program Files\Java\jdk1.8.0_211\jre\lib\ext\sunmscapi.jar;D:\Program Files\Java\jdk1.8.0_211\jre\lib\ext\sunpkcs11.jar;D:\Program Files\Java\jdk1.8.0_211\jre\lib\ext\zipfs.jar;D:\Program Files\Java\jdk1.8.0_211\jre\lib\javaws.jar;D:\Program Files\Java\jdk1.8.0_211\jre\lib\jce.jar;D:\Program Files\Java\jdk1.8.0_211\jre\lib\jfr.jar;D:\Program Files\Java\jdk1.8.0_211\jre\lib\jfxswt.jar;D:\Program Files\Java\jdk1.8.0_211\jre\lib\jsse.jar;D:\Program Files\Java\jdk1.8.0_211\jre\lib\management-agent.jar;D:\Program Files\Java\jdk1.8.0_211\jre\lib\plugin.jar;D:\Program Files\Java\jdk1.8.0_211\jre\lib\resources.jar;D:\Program Files\Java\jdk1.8.0_211\jre\lib\rt.jar;E:\广电\专题开发\Out;E:\广电\专题开发\Distribute\libs\jzlib-1.1.2.jar;E:\广电\专题开发\Distribute\libs\jsch-0.1.51.jar;E:\广电\专题开发\HWWorkspace\libs\commons-codec-1.9.jar;E:\广电\专题开发\HWWorkspace\libs\commons-logging-1.1.3.jar;E:\广电\专题开发\HWWorkspace\libs\dom4j-1.6.1.jar;E:\广电\专题开发\HWWorkspace\libs\itext-4.2.1.jar;E:\广电\专题开发\HWWorkspace\libs\itextpdf-5.5.6.jar;E:\广电\专题开发\HWWorkspace\libs\junit-4.12.jar;E:\广电\专题开发\HWWorkspace\libs\log4j-1.2.17.jar;E:\广电\专题开发\HWWorkspace\libs\ooxml-schemas-1.1.jar;E:\广电\专题开发\HWWorkspace\libs\ooxml-security-1.0.jar;E:\广电\专题开发\HWWorkspace\libs\poi-3.12.jar;E
Launcher Type: SUN_STANDARD

Environment Variables:
JAVA_HOME=D:\Program Files\Java\jdk1.8.0_211
CLASSPATH=.;D:\Program Files\Java\jdk1.8.0_211\lib;D:\Program Files\Java\jdk1.8.0_211\lib\tools.jar
PATH=C:\Program Files (x86)\Common Files\Oracle\Java\javapath;C:\Windows\system32;C:\Windows;C:\Windows\System32\Wbem;C:\Windows\System32\WindowsPowerShell\v1.0\;C:\Windows\System32\OpenSSH\;C:\Program Files (x86)\NVIDIA Corporation\PhysX\Common;C:\Program Files\NVIDIA Corporation\NVIDIA NvDLISR;C:\Program Files\Intel\WiFi\bin\;C:\Program Files\Common Files\Intel\WirelessCommon\;D:\Program Files\adb1.0.32;D:\Program Files\Java\jdk1.8.0_211\bin;D:\Program Files\Python37;D:\Program Files\Python37\Scripts;D:\Program Files\Python37\Lib\site-packages\django;D:\Program Files\python2.7.16\Scripts;D:\Program Files\python2.7.16;D:\Program Files\spring\apache-maven-3.6.1\bin;D:\Program Files\Java\jdk1.8.0_211\jre\bin;C:\ProgramData\ComposerSetup\bin;C:\Program Files\Git\cmd;D:\Program Files\TortoiseSVN\bin;D:\Program Files\Python37\Scripts\;D:\Program Files\Python37\;C:\Users\shang\AppData\Local\Microsoft\WindowsApps;D:\Program Files\IntelliJ IDEA 2019.1\bin;;D:\Program Files\PyCharm 2019.1.2\bin;;D:\python-3.7.3-amd64-webinstall;D:\Program Files\python2.7.16\;D:\Program Files\python2.7.16\Scripts\;D:\Program Files\xampp\php;C:\Users\shang\AppData\Roaming\Composer\vendor\bin;D:\Program Files\JetBrains\PhpStorm 2019.1\bin;
USERNAME=shang
OS=Windows_NT
PROCESSOR_IDENTIFIER=Intel64 Family 6 Model 142 Stepping 11, GenuineIntel



---------------  S Y S T E M  ---------------

OS: Windows 10.0 , 64 bit Build 17763 (10.0.17763.1158)

CPU:total 8 (initial active 8) (4 cores per cpu, 2 threads per core) family 6 model 142 stepping 11, cmov, cx8, fxsr, mmx, sse, sse2, sse3, ssse3, sse4.1, sse4.2, popcnt, avx, avx2, aes, clmul, erms, 3dnowpref, lzcnt, ht, tsc, tscinvbit, bmi1, bmi2, adx

Memory: 4k page, physical 8230644k(997056k free), swap 21589744k(5800k free)

vm_info: Java HotSpot(TM) 64-Bit Server VM (25.211-b12) for windows-amd64 JRE (1.8.0_211-b12), built on Apr  1 2019 20:53:26 by "java_re" with MS VC++ 10.0 (VS2010)

time: Sun Apr 26 17:00:16 2020
timezone: 中国标准时间
elapsed time: 0 seconds (0d 0h 0m 0s)

