#
# There is insufficient memory for the Java Runtime Environment to continue.
# Native memory allocation (malloc) failed to allocate 247936 bytes for Chunk::new
# Possible reasons:
#   The system is out of physical RAM or swap space
#   The process is running with CompressedOops enabled, and the Java Heap may be blocking the growth of the native heap
# Possible solutions:
#   Reduce memory load on the system
#   Increase physical memory or swap space
#   Check if swap backing store is full
#   Decrease Java heap size (-Xmx/-Xms)
#   Decrease number of Java threads
#   Decrease Java thread stack sizes (-Xss)
#   Set larger code cache with -XX:ReservedCodeCacheSize=
#   JVM is running with Unscaled Compressed Oops mode in which the Java heap is
#     placed in the first 4GB address space. The Java Heap base address is the
#     maximum limit for the native heap growth. Please use -XX:HeapBaseMinAddress
#     to set the Java Heap base and to place the Java Heap above 4GB virtual address.
# This output file may be truncated or incomplete.
#
#  Out of Memory Error (allocation.cpp:389), pid=14608, tid=0x000000000000464c
#
# JRE version: Java(TM) SE Runtime Environment (8.0_211-b12) (build 1.8.0_211-b12)
# Java VM: Java HotSpot(TM) 64-Bit Server VM (25.211-b12 mixed mode windows-amd64 compressed oops)
# Failed to write core dump. Minidumps are not enabled by default on client versions of Windows
#

---------------  T H R E A D  ---------------

Current thread (0x0000000017813800):  JavaThread "C2 CompilerThread1" daemon [_thread_in_native, id=17996, stack(0x0000000017ee0000,0x0000000017fe0000)]

Stack: [0x0000000017ee0000,0x0000000017fe0000]
[error occurred during error reporting (printing stack bounds), id 0xc0000005]

Native frames: (J=compiled Java code, j=interpreted, Vv=VM code, C=native code)


Current CompileTask:
C2:   1444  231   !   4       sun.misc.URLClassPath$JarLoader::getResource (85 bytes)


---------------  P R O C E S S  ---------------

Java Threads: ( => current thread )
  0x00000000178d1800 JavaThread "Service Thread" daemon [_thread_blocked, id=4532, stack(0x00000000180e0000,0x00000000181e0000)]
  0x000000001788c000 JavaThread "C1 CompilerThread2" daemon [_thread_in_native, id=17576, stack(0x0000000017fe0000,0x00000000180e0000)]
=>0x0000000017813800 JavaThread "C2 CompilerThread1" daemon [_thread_in_native, id=17996, stack(0x0000000017ee0000,0x0000000017fe0000)]
  0x0000000017813000 JavaThread "C2 CompilerThread0" daemon [_thread_in_native, id=18628, stack(0x0000000017de0000,0x0000000017ee0000)]
  0x0000000017807000 JavaThread "Monitor Ctrl-Break" daemon [_thread_in_native, id=18436, stack(0x0000000017ce0000,0x0000000017de0000)]
  0x0000000015be6800 JavaThread "Attach Listener" daemon [_thread_blocked, id=6240, stack(0x00000000173e0000,0x00000000174e0000)]
  0x0000000016ef0800 JavaThread "Signal Dispatcher" daemon [_thread_blocked, id=19380, stack(0x00000000172e0000,0x00000000173e0000)]
  0x00000000035bb800 JavaThread "Finalizer" daemon [_thread_blocked, id=12788, stack(0x0000000016de0000,0x0000000016ee0000)]
  0x0000000015b7a000 JavaThread "Reference Handler" daemon [_thread_blocked, id=18048, stack(0x0000000016ce0000,0x0000000016de0000)]
  0x00000000033bc800 JavaThread "main" [_thread_in_Java, id=18732, stack(0x00000000032a0000,0x00000000033a0000)]

Other Threads:
  0x0000000015b57800 VMThread [stack: 0x0000000016be0000,0x0000000016ce0000] [id=17544]
  0x00000000178fe800 WatcherThread [stack: 0x00000000181e0000,0x00000000182e0000] [id=19248]

VM state:not at safepoint (normal execution)

VM Mutex/Monitor currently owned by a thread: None

heap address: 0x00000000c1c00000, size: 996 MB, Compressed Oops mode: 32-bit
Narrow klass base: 0x0000000000000000, Narrow klass shift: 3
Compressed class space size: 1073741824 Address: 0x0000000100000000

Heap:
 PSYoungGen      total 18944K, used 10449K [0x00000000eb400000, 0x00000000ec900000, 0x0000000100000000)
  eden space 16384K, 63% used [0x00000000eb400000,0x00000000ebe34610,0x00000000ec400000)
  from space 2560K, 0% used [0x00000000ec680000,0x00000000ec680000,0x00000000ec900000)
  to   space 2560K, 0% used [0x00000000ec400000,0x00000000ec400000,0x00000000ec680000)
 ParOldGen       total 44032K, used 0K [0x00000000c1c00000, 0x00000000c4700000, 0x00000000eb400000)
  object space 44032K, 0% used [0x00000000c1c00000,0x00000000c1c00000,0x00000000c4700000)
 Metaspace       used 4761K, capacity 5066K, committed 5248K, reserved 1056768K
  class space    used 517K, capacity 562K, committed 640K, reserved 1048576K

Card table byte_map: [0x0000000012980000,0x0000000012b80000] byte_map_base: 0x0000000012372000

Marking Bits: (ParMarkBitMap*) 0x0000000077d85ce0
 Begin Bits: [0x00000000130d0000, 0x0000000014060000)
 End Bits:   [0x0000000014060000, 0x0000000014ff0000)

Polling page: 0x0000000001240000

CodeCache: size=245760Kb used=1664Kb max_used=1680Kb free=244095Kb
 bounds [0x00000000035c0000, 0x0000000003830000, 0x00000000125c0000]
 total_blobs=505 nmethods=236 adapters=182
 compilation: enabled

Compilation events (10 events):
Event: 1.432 Thread 0x000000001788c000  233       1       sun.misc.URLClassPath$JarLoader::access$600 (5 bytes)
Event: 1.432 Thread 0x000000001788c000 nmethod 233 0x0000000003756090 code [0x00000000037561e0, 0x00000000037562d0]
Event: 1.434 Thread 0x000000001788c000  234       3       java.lang.ref.WeakReference::<init> (7 bytes)
Event: 1.434 Thread 0x000000001788c000 nmethod 234 0x000000000375f590 code [0x000000000375f700, 0x000000000375f9b0]
Event: 1.435 Thread 0x000000001788c000  235       1       java.lang.Class::getClassLoader0 (5 bytes)
Event: 1.435 Thread 0x000000001788c000 nmethod 235 0x000000000375f2d0 code [0x000000000375f420, 0x000000000375f530]
Event: 1.435 Thread 0x000000001788c000  236       3       java.lang.String::concat (47 bytes)
Event: 1.435 Thread 0x000000001788c000 nmethod 236 0x000000000375e5d0 code [0x000000000375e7a0, 0x000000000375ef58]
Event: 1.435 Thread 0x000000001788c000  237       3       java.lang.String::getChars (16 bytes)
Event: 1.435 Thread 0x000000001788c000 nmethod 237 0x000000000375e190 code [0x000000000375e300, 0x000000000375e508]

GC Heap History (0 events):
No events

Deoptimization events (0 events):
No events

Classes redefined (0 events):
No events

Internal exceptions (10 events):
Event: 0.126 Thread 0x00000000033bc800 Exception <a 'java/security/PrivilegedActionException'> (0x00000000eb627fe8) thrown at [C:\re\workspace\8-2-build-windows-amd64-cygwin\jdk8u211\12973\hotspot\src\share\vm\prims\jvm.cpp, line 1502]
Event: 0.126 Thread 0x00000000033bc800 Exception <a 'java/security/PrivilegedActionException'> (0x00000000eb6281f8) thrown at [C:\re\workspace\8-2-build-windows-amd64-cygwin\jdk8u211\12973\hotspot\src\share\vm\prims\jvm.cpp, line 1502]
Event: 0.127 Thread 0x00000000033bc800 Exception <a 'java/security/PrivilegedActionException'> (0x00000000eb629ee0) thrown at [C:\re\workspace\8-2-build-windows-amd64-cygwin\jdk8u211\12973\hotspot\src\share\vm\prims\jvm.cpp, line 1502]
Event: 0.127 Thread 0x00000000033bc800 Exception <a 'java/security/PrivilegedActionException'> (0x00000000eb62a0f0) thrown at [C:\re\workspace\8-2-build-windows-amd64-cygwin\jdk8u211\12973\hotspot\src\share\vm\prims\jvm.cpp, line 1502]
Event: 0.127 Thread 0x00000000033bc800 Exception <a 'java/security/PrivilegedActionException'> (0x00000000eb62be90) thrown at [C:\re\workspace\8-2-build-windows-amd64-cygwin\jdk8u211\12973\hotspot\src\share\vm\prims\jvm.cpp, line 1502]
Event: 0.127 Thread 0x00000000033bc800 Exception <a 'java/security/PrivilegedActionException'> (0x00000000eb62c0a0) thrown at [C:\re\workspace\8-2-build-windows-amd64-cygwin\jdk8u211\12973\hotspot\src\share\vm\prims\jvm.cpp, line 1502]
Event: 0.361 Thread 0x00000000033bc800 Exception <a 'java/security/PrivilegedActionException'> (0x00000000eb97b0f0) thrown at [C:\re\workspace\8-2-build-windows-amd64-cygwin\jdk8u211\12973\hotspot\src\share\vm\prims\jvm.cpp, line 1502]
Event: 0.361 Thread 0x00000000033bc800 Exception <a 'java/security/PrivilegedActionException'> (0x00000000eb97b4e8) thrown at [C:\re\workspace\8-2-build-windows-amd64-cygwin\jdk8u211\12973\hotspot\src\share\vm\prims\jvm.cpp, line 1502]
Event: 0.362 Thread 0x00000000033bc800 Exception <a 'java/security/PrivilegedActionException'> (0x00000000eb97f5e0) thrown at [C:\re\workspace\8-2-build-windows-amd64-cygwin\jdk8u211\12973\hotspot\src\share\vm\prims\jvm.cpp, line 1502]
Event: 0.362 Thread 0x00000000033bc800 Exception <a 'java/security/PrivilegedActionException'> (0x00000000eb97f9d8) thrown at [C:\re\workspace\8-2-build-windows-amd64-cygwin\jdk8u211\12973\hotspot\src\share\vm\prims\jvm.cpp, line 1502]

Events (10 events):
Event: 1.432 loading class com/google/gson/internal/bind/TypeAdapters$EnumTypeAdapter
Event: 1.432 loading class com/google/gson/internal/bind/TypeAdapters$EnumTypeAdapter done
Event: 1.432 loading class com/google/gson/internal/bind/TypeAdapters$36
Event: 1.432 loading class com/google/gson/internal/bind/TypeAdapters$36 done
Event: 1.433 loading class java/lang/NoSuchFieldError
Event: 1.433 loading class java/lang/NoSuchFieldError done
Event: 1.433 loading class com/google/gson/internal/LinkedTreeMap
Event: 1.433 loading class com/google/gson/internal/LinkedTreeMap done
Event: 1.435 loading class com/google/gson/internal/LinkedTreeMap$1
Event: 1.435 loading class com/google/gson/internal/LinkedTreeMap$1 done


Dynamic libraries:
0x00007ff71a000000 - 0x00007ff71a037000 	D:\Program Files\Java\jdk1.8.0_211\jre\bin\java.exe
0x00007ffcc3120000 - 0x00007ffcc3310000 	C:\Windows\SYSTEM32\ntdll.dll
0x00007ffcc1d60000 - 0x00007ffcc1e12000 	C:\Windows\System32\KERNEL32.DLL
0x00007ffcc0cb0000 - 0x00007ffcc0f54000 	C:\Windows\System32\KERNELBASE.dll
0x00007ffcc2730000 - 0x00007ffcc27d3000 	C:\Windows\System32\ADVAPI32.dll
0x00007ffcc1410000 - 0x00007ffcc14ae000 	C:\Windows\System32\msvcrt.dll
0x00007ffcc1e90000 - 0x00007ffcc1f27000 	C:\Windows\System32\sechost.dll
0x00007ffcc14b0000 - 0x00007ffcc15d0000 	C:\Windows\System32\RPCRT4.dll
0x00007ffcc29a0000 - 0x00007ffcc2b34000 	C:\Windows\System32\USER32.dll
0x00007ffcc0c80000 - 0x00007ffcc0ca1000 	C:\Windows\System32\win32u.dll
0x00007ffcc15d0000 - 0x00007ffcc15f6000 	C:\Windows\System32\GDI32.dll
0x00007ffcc0a90000 - 0x00007ffcc0c25000 	C:\Windows\System32\gdi32full.dll
0x00007ffcc1130000 - 0x00007ffcc11ce000 	C:\Windows\System32\msvcp_win.dll
0x00007ffcc0830000 - 0x00007ffcc092a000 	C:\Windows\System32\ucrtbase.dll
0x00007ffcadbb0000 - 0x00007ffcade34000 	C:\Windows\WinSxS\amd64_microsoft.windows.common-controls_6595b64144ccf1df_6.0.18362.900_none_e6beb9d913147d17\COMCTL32.dll
0x00007ffcc1f30000 - 0x00007ffcc2265000 	C:\Windows\System32\combase.dll
0x00007ffcc0f60000 - 0x00007ffcc0fe0000 	C:\Windows\System32\bcryptPrimitives.dll
0x00007ffcc2700000 - 0x00007ffcc272e000 	C:\Windows\System32\IMM32.DLL
0x0000000077f20000 - 0x0000000077ff2000 	D:\Program Files\Java\jdk1.8.0_211\jre\bin\msvcr100.dll
0x0000000077560000 - 0x0000000077e05000 	D:\Program Files\Java\jdk1.8.0_211\jre\bin\server\jvm.dll
0x00007ffcc11d0000 - 0x00007ffcc11d8000 	C:\Windows\System32\PSAPI.DLL
0x00007ffcbb2c0000 - 0x00007ffcbb2ca000 	C:\Windows\SYSTEM32\VERSION.dll
0x00007ffcbe120000 - 0x00007ffcbe144000 	C:\Windows\SYSTEM32\WINMM.dll
0x00007ffcb4180000 - 0x00007ffcb4189000 	C:\Windows\SYSTEM32\WSOCK32.dll
0x00007ffcc25c0000 - 0x00007ffcc262f000 	C:\Windows\System32\WS2_32.dll
0x00007ffcbdff0000 - 0x00007ffcbe01d000 	C:\Windows\SYSTEM32\WINMMBASE.dll
0x00007ffcc0930000 - 0x00007ffcc097a000 	C:\Windows\System32\cfgmgr32.dll
0x00007ffcbc870000 - 0x00007ffcbc87f000 	D:\Program Files\Java\jdk1.8.0_211\jre\bin\verify.dll
0x00007ffcb4200000 - 0x00007ffcb4229000 	D:\Program Files\Java\jdk1.8.0_211\jre\bin\java.dll
0x00007ffcabb40000 - 0x00007ffcabb63000 	D:\Program Files\Java\jdk1.8.0_211\jre\bin\instrument.dll
0x00007ffcbc850000 - 0x00007ffcbc866000 	D:\Program Files\Java\jdk1.8.0_211\jre\bin\zip.dll
0x00007ffcc1670000 - 0x00007ffcc1d56000 	C:\Windows\System32\SHELL32.dll
0x00007ffcc2bc0000 - 0x00007ffcc2c69000 	C:\Windows\System32\shcore.dll
0x00007ffcc00b0000 - 0x00007ffcc0830000 	C:\Windows\System32\windows.storage.dll
0x00007ffcc0010000 - 0x00007ffcc0033000 	C:\Windows\System32\profapi.dll
0x00007ffcc0040000 - 0x00007ffcc008a000 	C:\Windows\System32\powrprof.dll
0x00007ffcbffe0000 - 0x00007ffcbfff0000 	C:\Windows\System32\UMPDC.dll
0x00007ffcc2320000 - 0x00007ffcc2372000 	C:\Windows\System32\shlwapi.dll
0x00007ffcbfff0000 - 0x00007ffcc0001000 	C:\Windows\System32\kernel.appcore.dll
0x00007ffcc0c30000 - 0x00007ffcc0c47000 	C:\Windows\System32\cryptsp.dll
0x00007ffcac540000 - 0x00007ffcac55a000 	D:\Program Files\IntelliJ IDEA 2019.1\bin\breakgen64.dll
0x00007ffcabb20000 - 0x00007ffcabb3a000 	D:\Program Files\Java\jdk1.8.0_211\jre\bin\net.dll
0x00007ffcb14c0000 - 0x00007ffcb1696000 	C:\Windows\SYSTEM32\urlmon.dll
0x00007ffcb1ab0000 - 0x00007ffcb1d56000 	C:\Windows\SYSTEM32\iertutil.dll
0x00007ffcbf9c0000 - 0x00007ffcbf9cc000 	C:\Windows\SYSTEM32\CRYPTBASE.DLL
0x00007ffcbf7f0000 - 0x00007ffcbf857000 	C:\Windows\system32\mswsock.dll
0x00007ffcbf500000 - 0x00007ffcbf53a000 	C:\Windows\SYSTEM32\IPHLPAPI.DLL
0x00007ffcc2590000 - 0x00007ffcc2598000 	C:\Windows\System32\NSI.dll
0x00007ffcb9d70000 - 0x00007ffcb9d86000 	C:\Windows\SYSTEM32\dhcpcsvc6.DLL
0x00007ffcbae70000 - 0x00007ffcbae8c000 	C:\Windows\SYSTEM32\dhcpcsvc.DLL
0x00007ffcbf540000 - 0x00007ffcbf60b000 	C:\Windows\SYSTEM32\DNSAPI.dll

VM Arguments:
jvm_args: -Dfile.encoding=utf-8 -javaagent:D:\Program Files\IntelliJ IDEA 2019.1\lib\idea_rt.jar=62846:D:\Program Files\IntelliJ IDEA 2019.1\bin 
java_command: com.eagle.feuilleton.Distribute
java_class_path (initial): D:\Program Files\Java\jdk1.8.0_211\jre\lib\charsets.jar;D:\Program Files\Java\jdk1.8.0_211\jre\lib\deploy.jar;D:\Program Files\Java\jdk1.8.0_211\jre\lib\ext\access-bridge-64.jar;D:\Program Files\Java\jdk1.8.0_211\jre\lib\ext\cldrdata.jar;D:\Program Files\Java\jdk1.8.0_211\jre\lib\ext\dnsns.jar;D:\Program Files\Java\jdk1.8.0_211\jre\lib\ext\jaccess.jar;D:\Program Files\Java\jdk1.8.0_211\jre\lib\ext\jfxrt.jar;D:\Program Files\Java\jdk1.8.0_211\jre\lib\ext\localedata.jar;D:\Program Files\Java\jdk1.8.0_211\jre\lib\ext\nashorn.jar;D:\Program Files\Java\jdk1.8.0_211\jre\lib\ext\sunec.jar;D:\Program Files\Java\jdk1.8.0_211\jre\lib\ext\sunjce_provider.jar;D:\Program Files\Java\jdk1.8.0_211\jre\lib\ext\sunmscapi.jar;D:\Program Files\Java\jdk1.8.0_211\jre\lib\ext\sunpkcs11.jar;D:\Program Files\Java\jdk1.8.0_211\jre\lib\ext\zipfs.jar;D:\Program Files\Java\jdk1.8.0_211\jre\lib\javaws.jar;D:\Program Files\Java\jdk1.8.0_211\jre\lib\jce.jar;D:\Program Files\Java\jdk1.8.0_211\jre\lib\jfr.jar;D:\Program Files\Java\jdk1.8.0_211\jre\lib\jfxswt.jar;D:\Program Files\Java\jdk1.8.0_211\jre\lib\jsse.jar;D:\Program Files\Java\jdk1.8.0_211\jre\lib\management-agent.jar;D:\Program Files\Java\jdk1.8.0_211\jre\lib\plugin.jar;D:\Program Files\Java\jdk1.8.0_211\jre\lib\resources.jar;D:\Program Files\Java\jdk1.8.0_211\jre\lib\rt.jar;E:\广电\专题开发\Out;E:\广电\专题开发\HWWorkspace\libs\adc.jar;E:\广电\专题开发\HWWorkspace\libs\ant.jar;E:\广电\专题开发\HWWorkspace\libs\epg.jar;E:\广电\专题开发\HWWorkspace\libs\jmx.jar;E:\广电\专题开发\HWWorkspace\libs\jxl.jar;E:\广电\专题开发\HWWorkspace\libs\SMG.jar;E:\广电\专题开发\HWWorkspace\libs\uoa.jar;E:\广电\专题开发\HWWorkspace\libs\axis.jar;E:\广电\专题开发\HWWorkspace\libs\jotm.jar;E:\广电\专题开发\HWWorkspace\libs\json.jar;E:\广电\专题开发\HWWorkspace\libs\mail.jar;E:\广电\专题开发\HWWorkspace\libs\saaj.jar;E:\广电\专题开发\HWWorkspace\libs\jaxen.jar;E:\广电\专题开发\HWWorkspace\libs\bossSH.jar;E:\广电\专题开发\HWWorkspace\l
Launcher Type: SUN_STANDARD

Environment Variables:
JAVA_HOME=D:\Program Files\Java\jdk1.8.0_211
CLASSPATH=.;D:\Program Files\Java\jdk1.8.0_211\bin;D:\Program Files\Java\jdk1.8.0_211\lib\dt.jar;D:\Program Files\Java\jdk1.8.0_211\lib\tools.jar
PATH="D:\Program Files\Java\jdk1.8.0_211\bin;D:\Program Files\Java\jdk1.8.0_211\jre\bin;";C:\Windows\system32;C:\Windows;C:\Windows\System32\Wbem;C:\Windows\System32\WindowsPowerShell\v1.0\;C:\Windows\System32\OpenSSH\;D:\Program Files\TortoiseSVN\bin;D:\Program Files\xampp\php;D:\Program Files\adb1.0.32;C:\Users\Administrator\AppData\Local\Microsoft\WindowsApps;D:\Program Files\IntelliJ IDEA 2019.1\bin;;D:\Program Files\xampp\php;
USERNAME=Administrator
OS=Windows_NT
PROCESSOR_IDENTIFIER=Intel64 Family 6 Model 158 Stepping 11, GenuineIntel



---------------  S Y S T E M  ---------------

OS: Windows 10.0 , 64 bit Build 18362 (10.0.18362.900)

CPU:total 4 (initial active 4) (4 cores per cpu, 1 threads per core) family 6 model 158 stepping 11, cmov, cx8, fxsr, mmx, sse, sse2, sse3, ssse3, sse4.1, sse4.2, popcnt, avx, avx2, aes, clmul, erms, 3dnowpref, lzcnt, tsc, tscinvbit, bmi1, bmi2, adx

Memory: 4k page, physical 4074360k(201056k free), swap 16657272k(264k free)

vm_info: Java HotSpot(TM) 64-Bit Server VM (25.211-b12) for windows-amd64 JRE (1.8.0_211-b12), built on Apr  1 2019 20:53:26 by "java_re" with MS VC++ 10.0 (VS2010)

time: Mon Jun 15 18:40:02 2020
timezone: 中国标准时间
elapsed time: 1 seconds (0d 0h 0m 1s)

